<?xml version="1.0" encoding="UTF-8"?>
<robot generator="Robot 7.2.2 (Python 3.13.3 on win32)" generated="2025-05-29T00:15:02.456076" rpa="false" schemaversion="5">
<suite id="s1" name="Signup" source="C:\Users\uriarte\QAx\projects\walkdog-robot\tests\signup.robot">
<test id="s1-t1" name="Não deve cadastrar se os campos obrigatorios não forem preenchidos" line="29">
<kw name="Start session" owner="base">
<kw name="New Browser" owner="Browser">
<msg time="2025-05-29T00:15:02.611899" level="INFO">{"browser": "chromium", "headless": false, "chromiumSandbox": false, "devtools": false, "handleSIGHUP": true, "handleSIGINT": true, "handleSIGTERM": true, "slowMo": 0.0, "timeout": 30000.0, "tracesDir": "C:\\Users\\uriarte\\QAx\\projects\\walkdog-robot\\logs\\browser\\traces\\temp\\8f122f69-c95e-4568-8848-f1fe4cab78b0"}</msg>
<msg time="2025-05-29T00:15:02.624352" level="INFO">Starting Browser process C:\Python313\Lib\site-packages\Browser\wrapper\index.js using at 127.0.0.1:26925</msg>
<msg time="2025-05-29T00:15:03.931140" level="INFO">Successfully created browser with options: {"browser":"chromium","headless":false,"chromiumSandbox":false,"devtools":false,"handleSIGHUP":true,"handleSIGINT":true,"handleSIGTERM":true,"slowMo":0,"timeout":30000,"tracesDir":"C:\\Users\\uriarte\\QAx\\projects\\walkdog-robot\\logs\\browser\\traces\\temp\\8f122f69-c95e-4568-8848-f1fe4cab78b0"}</msg>
<arg>browser=chromium</arg>
<arg>headless=False</arg>
<tag>BrowserControl</tag>
<tag>Setter</tag>
<doc>Create a new playwright Browser with specified options.</doc>
<status status="PASS" start="2025-05-29T00:15:02.611302" elapsed="1.320091"/>
</kw>
<kw name="New Page" owner="Browser">
<msg time="2025-05-29T00:15:04.575047" level="INFO">Successfully initialized new page object and opened url: https://walkdog.vercel.app</msg>
<msg time="2025-05-29T00:15:04.575121" level="INFO">No context was open. New context was automatically opened when this page is created.</msg>
<arg>https://walkdog.vercel.app</arg>
<tag>BrowserControl</tag>
<tag>Setter</tag>
<doc>Open a new Page.</doc>
<status status="PASS" start="2025-05-29T00:15:03.931603" elapsed="0.643647"/>
</kw>
<kw name="Wait For Elements State" owner="Browser">
<msg time="2025-05-29T00:15:04.598339" level="INFO">Waited for Element with selector css=h1 &gt;&gt; text=Cuidado e diversão em cada passo at state visible</msg>
<arg>css=h1 &gt;&gt; text=Cuidado e diversão em cada passo</arg>
<arg>visible</arg>
<arg>5</arg>
<tag>PageContent</tag>
<tag>Wait</tag>
<doc>Waits for the element found by ``selector`` to satisfy state option.</doc>
<status status="PASS" start="2025-05-29T00:15:04.575425" elapsed="0.023043"/>
</kw>
<status status="PASS" start="2025-05-29T00:15:02.610726" elapsed="1.987851"/>
</kw>
<kw name="Go to signup page" owner="signup">
<kw name="Click" owner="Browser">
<msg time="2025-05-29T00:15:04.599583" level="INFO">Clicks the element 'css=a[href="/signup"]'.</msg>
<arg>css=a[href="/signup"]</arg>
<tag>PageContent</tag>
<tag>Setter</tag>
<doc>Simulates mouse click on the element found by ``selector``.</doc>
<status status="PASS" start="2025-05-29T00:15:04.599192" elapsed="0.032010"/>
</kw>
<kw name="Wait For Elements State" owner="Browser">
<msg time="2025-05-29T00:15:04.637686" level="INFO">Waited for Element with selector form h1 at state visible</msg>
<arg>form h1</arg>
<arg>visible</arg>
<arg>5000</arg>
<tag>PageContent</tag>
<tag>Wait</tag>
<doc>Waits for the element found by ``selector`` to satisfy state option.</doc>
<status status="PASS" start="2025-05-29T00:15:04.631363" elapsed="0.006474"/>
</kw>
<kw name="Get Text" owner="Browser">
<msg time="2025-05-29T00:15:04.655715" level="INFO">Text: 'Faça seu cadastro'</msg>
<arg>form h1</arg>
<arg>equal</arg>
<arg>Faça seu cadastro</arg>
<tag>Assertion</tag>
<tag>Getter</tag>
<tag>PageContent</tag>
<doc>Returns text attribute of the element found by ``selector``.</doc>
<status status="PASS" start="2025-05-29T00:15:04.638032" elapsed="0.017778"/>
</kw>
<status status="PASS" start="2025-05-29T00:15:04.598858" elapsed="0.057060"/>
</kw>
<kw name="Submit signup form" owner="signup">
<kw name="Click" owner="Browser">
<msg time="2025-05-29T00:15:04.656948" level="INFO">Clicks the element 'css=.button-register'.</msg>
<arg>css=.button-register</arg>
<tag>PageContent</tag>
<tag>Setter</tag>
<doc>Simulates mouse click on the element found by ``selector``.</doc>
<status status="PASS" start="2025-05-29T00:15:04.656564" elapsed="0.028500"/>
</kw>
<status status="PASS" start="2025-05-29T00:15:04.656185" elapsed="0.028986"/>
</kw>
<kw name="Alert should be" owner="signup">
<kw name="Wait For Elements State" owner="Browser">
<msg time="2025-05-29T00:15:04.691386" level="INFO">Waited for Element with selector css=.alert-error &gt;&gt; text=Informe o seu nome completo at state visible</msg>
<arg>css=.alert-error &gt;&gt; text=${expected_text}</arg>
<arg>visible</arg>
<arg>5</arg>
<tag>PageContent</tag>
<tag>Wait</tag>
<doc>Waits for the element found by ``selector`` to satisfy state option.</doc>
<status status="PASS" start="2025-05-29T00:15:04.685793" elapsed="0.005722"/>
</kw>
<arg>Informe o seu nome completo</arg>
<status status="PASS" start="2025-05-29T00:15:04.685429" elapsed="0.006180"/>
</kw>
<kw name="Alert should be" owner="signup">
<kw name="Wait For Elements State" owner="Browser">
<msg time="2025-05-29T00:15:04.697109" level="INFO">Waited for Element with selector css=.alert-error &gt;&gt; text=Informe o seu melhor email at state visible</msg>
<arg>css=.alert-error &gt;&gt; text=${expected_text}</arg>
<arg>visible</arg>
<arg>5</arg>
<tag>PageContent</tag>
<tag>Wait</tag>
<doc>Waits for the element found by ``selector`` to satisfy state option.</doc>
<status status="PASS" start="2025-05-29T00:15:04.692160" elapsed="0.005138"/>
</kw>
<arg>Informe o seu melhor email</arg>
<status status="PASS" start="2025-05-29T00:15:04.691832" elapsed="0.005627"/>
</kw>
<kw name="Alert should be" owner="signup">
<kw name="Wait For Elements State" owner="Browser">
<msg time="2025-05-29T00:15:04.702865" level="INFO">Waited for Element with selector css=.alert-error &gt;&gt; text=Informe o seu CPF at state visible</msg>
<arg>css=.alert-error &gt;&gt; text=${expected_text}</arg>
<arg>visible</arg>
<arg>5</arg>
<tag>PageContent</tag>
<tag>Wait</tag>
<doc>Waits for the element found by ``selector`` to satisfy state option.</doc>
<status status="PASS" start="2025-05-29T00:15:04.698208" elapsed="0.004777"/>
</kw>
<arg>Informe o seu CPF</arg>
<status status="PASS" start="2025-05-29T00:15:04.697790" elapsed="0.005287"/>
</kw>
<kw name="Alert should be" owner="signup">
<kw name="Wait For Elements State" owner="Browser">
<msg time="2025-05-29T00:15:04.707608" level="INFO">Waited for Element with selector css=.alert-error &gt;&gt; text=Informe o seu CEP at state visible</msg>
<arg>css=.alert-error &gt;&gt; text=${expected_text}</arg>
<arg>visible</arg>
<arg>5</arg>
<tag>PageContent</tag>
<tag>Wait</tag>
<doc>Waits for the element found by ``selector`` to satisfy state option.</doc>
<status status="PASS" start="2025-05-29T00:15:04.703654" elapsed="0.004074"/>
</kw>
<arg>Informe o seu CEP</arg>
<status status="PASS" start="2025-05-29T00:15:04.703316" elapsed="0.004503"/>
</kw>
<kw name="Alert should be" owner="signup">
<kw name="Wait For Elements State" owner="Browser">
<msg time="2025-05-29T00:15:04.712578" level="INFO">Waited for Element with selector css=.alert-error &gt;&gt; text=Informe um número maior que zero at state visible</msg>
<arg>css=.alert-error &gt;&gt; text=${expected_text}</arg>
<arg>visible</arg>
<arg>5</arg>
<tag>PageContent</tag>
<tag>Wait</tag>
<doc>Waits for the element found by ``selector`` to satisfy state option.</doc>
<status status="PASS" start="2025-05-29T00:15:04.708376" elapsed="0.004319"/>
</kw>
<arg>Informe um número maior que zero</arg>
<status status="PASS" start="2025-05-29T00:15:04.708045" elapsed="0.004743"/>
</kw>
<kw name="Alert should be" owner="signup">
<kw name="Wait For Elements State" owner="Browser">
<msg time="2025-05-29T00:15:04.717120" level="INFO">Waited for Element with selector css=.alert-error &gt;&gt; text=Adcione um documento com foto (RG ou CHN) at state visible</msg>
<arg>css=.alert-error &gt;&gt; text=${expected_text}</arg>
<arg>visible</arg>
<arg>5</arg>
<tag>PageContent</tag>
<tag>Wait</tag>
<doc>Waits for the element found by ``selector`` to satisfy state option.</doc>
<status status="PASS" start="2025-05-29T00:15:04.713343" elapsed="0.004002"/>
</kw>
<arg>Adcione um documento com foto (RG ou CHN)</arg>
<status status="PASS" start="2025-05-29T00:15:04.713017" elapsed="0.004421"/>
</kw>
<kw name="Finish session" owner="base">
<kw name="Take Screenshot" owner="Browser">
<msg time="2025-05-29T00:15:04.843794" level="INFO" html="true">&lt;/td&gt;&lt;/tr&gt;&lt;tr&gt;&lt;td colspan="3"&gt;&lt;a href="browser/screenshot/robotframework-browser-screenshot-1.png" target="_blank"&gt;&lt;img src="browser/screenshot/robotframework-browser-screenshot-1.png" width="800px"/&gt;&lt;/a&gt;</msg>
<arg>fullPage=True</arg>
<tag>PageContent</tag>
<doc>Takes a screenshot of the current window or element and saves it to disk.</doc>
<status status="PASS" start="2025-05-29T00:15:04.718118" elapsed="0.125830"/>
</kw>
<status status="PASS" start="2025-05-29T00:15:04.717776" elapsed="0.126282"/>
</kw>
<msg time="2025-05-29T00:15:04.853698" level="INFO">Switching context to context=10b994ae-c59e-4272-9d3e-9cc7069f2691 in CURRENT</msg>
<msg time="2025-05-29T00:15:04.858358" level="INFO">Successfully changed active context: context=10b994ae-c59e-4272-9d3e-9cc7069f2691</msg>
<msg time="2025-05-29T00:15:04.882031" level="INFO">Successfully closed Context</msg>
<tag>required</tag>
<status status="PASS" start="2025-05-29T00:15:02.610098" elapsed="2.234233"/>
</test>
<doc>Suite de testes de cadastro de dog walker</doc>
<status status="PASS" start="2025-05-29T00:15:02.457113" elapsed="2.426527"/>
</suite>
<statistics>
<total>
<stat pass="1" fail="0" skip="0">All Tests</stat>
</total>
<tag>
<stat pass="1" fail="0" skip="0">required</stat>
</tag>
<suite>
<stat name="Signup" id="s1" pass="1" fail="0" skip="0">Signup</stat>
</suite>
</statistics>
<errors>
</errors>
</robot>
