<?xml version="1.0" encoding="UTF-8"?>
<robot generator="Robot 7.2.2 (Python 3.13.3 on win32)" generated="2025-05-28T13:38:36.486023" rpa="false" schemaversion="5">
<suite id="s1" name="QAx" source="C:\Users\gu062480\QAx">
<suite id="s1-s1" name="Projects" source="C:\Users\gu062480\QAx\projects">
<suite id="s1-s1-s1" name="Walkdog-Robot" source="C:\Users\gu062480\QAx\projects\walkdog-robot">
<suite id="s1-s1-s1-s1" name="Home" source="C:\Users\gu062480\QAx\projects\walkdog-robot\home.robot">
<test id="s1-s1-s1-s1-t1" name="Home page deve estar online" line="7">
<kw name="New Browser" owner="Browser">
<msg time="2025-05-28T13:38:36.983700" level="INFO">{"browser": "chromium", "headless": false, "chromiumSandbox": false, "devtools": false, "handleSIGHUP": true, "handleSIGINT": true, "handleSIGTERM": true, "slowMo": 0.0, "timeout": 30000.0, "tracesDir": "C:\\Users\\gu062480\\QAx\\results\\browser\\traces\\temp\\84f79286-d7f2-4805-b5b2-bcd8ae6ff544"}</msg>
<msg time="2025-05-28T13:38:38.491109" level="INFO">Starting Browser process C:\Users\gu062480\AppData\Local\Programs\Python\Python313\Lib\site-packages\Browser\wrapper\index.js using at 127.0.0.1:58595</msg>
<msg time="2025-05-28T13:38:43.246069" level="INFO">Successfully created browser with options: {"browser":"chromium","headless":false,"chromiumSandbox":false,"devtools":false,"handleSIGHUP":true,"handleSIGINT":true,"handleSIGTERM":true,"slowMo":0,"timeout":30000,"tracesDir":"C:\\Users\\gu062480\\QAx\\results\\browser\\traces\\temp\\84f79286-d7f2-4805-b5b2-bcd8ae6ff544"}</msg>
<arg>browser=chromium</arg>
<arg>headless=False</arg>
<tag>BrowserControl</tag>
<tag>Setter</tag>
<doc>Create a new playwright Browser with specified options.</doc>
<status status="PASS" start="2025-05-28T13:38:36.981549" elapsed="6.265628"/>
</kw>
<kw name="New Page" owner="Browser">
<msg time="2025-05-28T13:38:44.933324" level="INFO">Successfully initialized new page object and opened url: https://walkdog.vercel.app</msg>
<msg time="2025-05-28T13:38:44.934056" level="INFO">No context was open. New context was automatically opened when this page is created.</msg>
<arg>https://walkdog.vercel.app</arg>
<tag>BrowserControl</tag>
<tag>Setter</tag>
<doc>Open a new Page.</doc>
<status status="PASS" start="2025-05-28T13:38:43.252130" elapsed="1.682761"/>
</kw>
<kw name="Get Text" owner="Browser">
<msg time="2025-05-28T13:38:45.107723" level="INFO">Text: 'Cuidado e diversão em cada passo'</msg>
<arg>h1</arg>
<arg>equal</arg>
<arg>Cuidado e diversão em cada passo</arg>
<tag>Assertion</tag>
<tag>Getter</tag>
<tag>PageContent</tag>
<doc>Returns text attribute of the element found by ``selector``.</doc>
<status status="PASS" start="2025-05-28T13:38:44.940826" elapsed="0.167360"/>
</kw>
<kw name="Take Screenshot" owner="Browser">
<msg time="2025-05-28T13:38:45.383694" level="INFO" html="true">&lt;/td&gt;&lt;/tr&gt;&lt;tr&gt;&lt;td colspan="3"&gt;&lt;a href="browser/screenshot/robotframework-browser-screenshot-1.png" target="_blank"&gt;&lt;img src="browser/screenshot/robotframework-browser-screenshot-1.png" width="800px"/&gt;&lt;/a&gt;</msg>
<tag>PageContent</tag>
<doc>Takes a screenshot of the current window or element and saves it to disk.</doc>
<status status="PASS" start="2025-05-28T13:38:45.108766" elapsed="0.275403"/>
</kw>
<msg time="2025-05-28T13:38:45.421935" level="INFO">Switching context to context=d9dd924d-a842-4daa-801b-4248ef692824 in CURRENT</msg>
<msg time="2025-05-28T13:38:45.439925" level="INFO">Successfully changed active context: context=d9dd924d-a842-4daa-801b-4248ef692824</msg>
<msg time="2025-05-28T13:38:45.570775" level="INFO">Successfully closed Context</msg>
<status status="PASS" start="2025-05-28T13:38:36.977208" elapsed="8.407731"/>
</test>
<doc>Suite de testes da home page</doc>
<status status="PASS" start="2025-05-28T13:38:36.550863" elapsed="9.025989"/>
</suite>
<status status="PASS" start="2025-05-28T13:38:36.547495" elapsed="9.047936"/>
</suite>
<status status="PASS" start="2025-05-28T13:38:36.543012" elapsed="9.058340"/>
</suite>
<status status="PASS" start="2025-05-28T13:38:36.497383" elapsed="9.107706"/>
</suite>
<statistics>
<total>
<stat pass="1" fail="0" skip="0">All Tests</stat>
</total>
<tag>
</tag>
<suite>
<stat name="QAx" id="s1" pass="1" fail="0" skip="0">QAx</stat>
<stat name="Projects" id="s1-s1" pass="1" fail="0" skip="0">QAx.Projects</stat>
<stat name="Walkdog-Robot" id="s1-s1-s1" pass="1" fail="0" skip="0">QAx.Projects.Walkdog-Robot</stat>
<stat name="Home" id="s1-s1-s1-s1" pass="1" fail="0" skip="0">QAx.Projects.Walkdog-Robot.Home</stat>
</suite>
</statistics>
<errors>
</errors>
</robot>
